<?xml version="1.0" encoding="UTF-8"?>
<ejb-jar xmlns:xsi="http://www.w3.org/2001/XMLSchema-instance"
	xmlns="http://java.sun.com/xml/ns/javaee"
	xsi:schemaLocation="http://java.sun.com/xml/ns/javaee http://java.sun.com/xml/ns/javaee/ejb-jar_3_1.xsd"
	metadata-complete="false" version="3.1">
	<enterprise-beans>
		<session>
			<ejb-name>ThirdSession</ejb-name>
			<local-bean />
			<ejb-class>com.home.gftest.ejb.samplesession.ThirdSession</ejb-class>
			<session-type>Stateless</session-type>
		</session>
		<!-- The two PingWorker definitions run in Payara when deployed -->
		<session>
			<ejb-name>PingWorker</ejb-name>
			<local-bean />
			<ejb-class>com.home.gftest.ejb.ping.PingWorkerBean</ejb-class>
			<session-type>Stateless</session-type>
		</session>
		<session>
			<ejb-name>PingProcessor</ejb-name>
			<local-bean />
			<ejb-class>com.home.gftest.ejb.ping.PingWorkerBean</ejb-class>
			<session-type>Stateless</session-type>
		</session>
		<!-- Override bean here -->
		<session>
			<ejb-name>SecondCallerSession</ejb-name>
			<session-type>Stateless</session-type>
			<ejb-local-ref>
				<ejb-ref-name>com.home.gftest.ejb.refchange.SecondCallerSession/calledSession</ejb-ref-name>
				<ejb-ref-type>Session</ejb-ref-type>
				<ejb-link>XCalledSession</ejb-link>
			</ejb-local-ref>
		</session>
	</enterprise-beans>
</ejb-jar>